<?xml version="1.0" encoding="UTF-8"?>
<!-- Generated by org.testng.reporters.JUnitReportReporter -->
<testsuite skipped="0" hostname="DESKTOP-T4RN9QI" name="org.base.GroupTestingSample" tests="9" failures="0" timestamp="2022-08-11T07:29:12 IST" time="0.109" errors="0">
  <testcase name="tc01" time="0.000" classname="org.base.GroupTestingSample"/>
  <system-out/>
  <testcase name="tc06" time="0.016" classname="org.base.GroupTestingSample"/>
  <system-out/>
  <testcase name="tc02" time="0.000" classname="org.base.GroupTestingSample"/>
  <system-out/>
  <testcase name="tc04" time="0.031" classname="org.base.GroupTestingSample"/>
  <system-out/>
  <testcase name="tc05" time="0.016" classname="org.base.GroupTestingSample"/>
  <system-out/>
  <testcase name="tc07" time="0.000" classname="org.base.GroupTestingSample"/>
  <system-out/>
  <testcase name="tc08" time="0.015" classname="org.base.GroupTestingSample"/>
  <system-out/>
  <testcase name="tc09" time="0.016" classname="org.base.GroupTestingSample"/>
  <system-out/>
  <testcase name="tc03" time="0.015" classname="org.base.GroupTestingSample"/>
  <system-out/>
</testsuite> <!-- org.base.GroupTestingSample -->
