<?xml version="1.0" encoding="UTF-8"?>
<!-- Generated by org.testng.reporters.JUnitReportReporter -->
<testsuite skipped="1" hostname="DESKTOP-T4RN9QI" name="org.base.Testing2" tests="24" failures="0" timestamp="2022-08-07T19:00:02 IST" time="0.459" errors="0">
  <testcase name="tc02" time="0.036" classname="org.base.Testing2"/>
  <system-out/>
  <testcase name="tc01" time="0.004" classname="org.base.Testing2"/>
  <system-out/>
  <testcase name="tc04" time="0.005" classname="org.base.Testing2"/>
  <system-out/>
  <testcase name="tc03" time="0.052" classname="org.base.Testing2"/>
  <system-out/>
  <testcase name="tc03" time="0.004" classname="org.base.Testing2"/>
  <system-out/>
  <testcase name="tc03" time="0.005" classname="org.base.Testing2"/>
  <system-out/>
  <testcase name="tc03" time="0.013" classname="org.base.Testing2"/>
  <system-out/>
  <testcase name="tc03" time="0.016" classname="org.base.Testing2"/>
  <system-out/>
  <testcase name="tc03" time="0.003" classname="org.base.Testing2"/>
  <system-out/>
  <testcase name="tc03" time="0.015" classname="org.base.Testing2"/>
  <system-out/>
  <testcase name="tc03" time="0.016" classname="org.base.Testing2"/>
  <system-out/>
  <testcase name="tc03" time="0.008" classname="org.base.Testing2"/>
  <system-out/>
  <testcase name="tc03" time="0.005" classname="org.base.Testing2"/>
  <system-out/>
  <testcase name="tc03" time="0.002" classname="org.base.Testing2"/>
  <system-out/>
  <testcase name="tc03" time="0.010" classname="org.base.Testing2"/>
  <system-out/>
  <testcase name="tc03" time="0.002" classname="org.base.Testing2"/>
  <system-out/>
  <testcase name="tc03" time="0.003" classname="org.base.Testing2"/>
  <system-out/>
  <testcase name="tc03" time="0.003" classname="org.base.Testing2"/>
  <system-out/>
  <testcase name="tc03" time="0.022" classname="org.base.Testing2"/>
  <system-out/>
  <testcase name="tc03" time="0.019" classname="org.base.Testing2"/>
  <system-out/>
  <testcase name="tc03" time="0.068" classname="org.base.Testing2"/>
  <system-out/>
  <testcase name="tc03" time="0.144" classname="org.base.Testing2"/>
  <system-out/>
  <testcase name="tc03" time="0.004" classname="org.base.Testing2"/>
  <system-out/>
  <testcase name="tc05" classname="org.base.Testing2">
    <skipped/>
  </testcase> <!-- tc05 -->
  <system-out/>
</testsuite> <!-- org.base.Testing2 -->
